0 info it worked if it ends with ok
1 verbose cli [ '/usr/bin/node', '/usr/bin/npm', 'i', 'express-jwt' ]
2 info using npm@3.5.2
3 info using node@v8.10.0
4 silly loadCurrentTree Starting
5 silly install loadCurrentTree
6 silly install readLocalPackageData
7 silly fetchPackageMetaData express-jwt
8 silly fetchNamedPackageData express-jwt
9 silly mapToRegistry name express-jwt
10 silly mapToRegistry using default registry
11 silly mapToRegistry registry https://registry.npmjs.org/
12 silly mapToRegistry uri https://registry.npmjs.org/express-jwt
13 verbose request uri https://registry.npmjs.org/express-jwt
14 verbose request no auth needed
15 info attempt registry request try #1 at 6:58:59 PM
16 verbose request id 5709a6356c01edf5
17 http request GET https://registry.npmjs.org/express-jwt
18 http 200 https://registry.npmjs.org/express-jwt
19 verbose headers { date: 'Fri, 28 Oct 2022 22:58:55 GMT',
19 verbose headers   'content-type': 'application/json',
19 verbose headers   'transfer-encoding': 'chunked',
19 verbose headers   connection: 'keep-alive',
19 verbose headers   'cf-ray': '76174769883f15a3-EWR',
19 verbose headers   'access-control-allow-origin': '*',
19 verbose headers   'cache-control': 'public, max-age=300',
19 verbose headers   etag: 'W/"55c3efb4862d5652b6f4efd6fe869634"',
19 verbose headers   'last-modified': 'Mon, 24 Oct 2022 16:54:54 GMT',
19 verbose headers   vary: 'accept-encoding, accept',
19 verbose headers   'cf-cache-status': 'REVALIDATED',
19 verbose headers   'x-amz-replication-status': 'COMPLETED',
19 verbose headers   server: 'cloudflare',
19 verbose headers   'content-encoding': 'gzip' }
20 silly get cb [ 200,
20 silly get   { date: 'Fri, 28 Oct 2022 22:58:55 GMT',
20 silly get     'content-type': 'application/json',
20 silly get     'transfer-encoding': 'chunked',
20 silly get     connection: 'keep-alive',
20 silly get     'cf-ray': '76174769883f15a3-EWR',
20 silly get     'access-control-allow-origin': '*',
20 silly get     'cache-control': 'public, max-age=300',
20 silly get     etag: 'W/"55c3efb4862d5652b6f4efd6fe869634"',
20 silly get     'last-modified': 'Mon, 24 Oct 2022 16:54:54 GMT',
20 silly get     vary: 'accept-encoding, accept',
20 silly get     'cf-cache-status': 'REVALIDATED',
20 silly get     'x-amz-replication-status': 'COMPLETED',
20 silly get     server: 'cloudflare',
20 silly get     'content-encoding': 'gzip' } ]
21 verbose get saving express-jwt to /home/celine-bot/.npm/registry.npmjs.org/express-jwt/.cache.json
22 silly install normalizeTree
23 silly loadCurrentTree Finishing
24 silly loadIdealTree Starting
25 silly install loadIdealTree
26 silly cloneCurrentTree Starting
27 silly install cloneCurrentTreeToIdealTree
28 silly cloneCurrentTree Finishing
29 silly loadShrinkwrap Starting
30 silly install loadShrinkwrap
31 silly loadShrinkwrap Finishing
32 silly loadAllDepsIntoIdealTree Starting
33 silly install loadAllDepsIntoIdealTree
34 silly resolveWithNewModule express-jwt@7.7.7 checking installable status
35 silly cache add args [ 'express-jwt', null ]
36 verbose cache add spec express-jwt
37 silly cache add parsed spec Result {
37 silly cache add   raw: 'express-jwt',
37 silly cache add   scope: null,
37 silly cache add   name: 'express-jwt',
37 silly cache add   rawSpec: '',
37 silly cache add   spec: 'latest',
37 silly cache add   type: 'tag' }
38 silly addNamed express-jwt@latest
39 verbose addNamed "latest" is being treated as a dist-tag for express-jwt
40 info addNameTag [ 'express-jwt', 'latest' ]
41 silly mapToRegistry name express-jwt
42 silly mapToRegistry using default registry
43 silly mapToRegistry registry https://registry.npmjs.org/
44 silly mapToRegistry uri https://registry.npmjs.org/express-jwt
45 verbose addNameTag registry:https://registry.npmjs.org/express-jwt not in flight; fetching
46 verbose get https://registry.npmjs.org/express-jwt not expired, no request
47 silly addNameTag next cb for express-jwt with tag latest
48 silly addNamed express-jwt@7.7.7
49 verbose addNamed "7.7.7" is a plain semver version for express-jwt
50 silly mapToRegistry name express-jwt
51 silly mapToRegistry using default registry
52 silly mapToRegistry registry https://registry.npmjs.org/
53 silly mapToRegistry uri https://registry.npmjs.org/express-jwt
54 verbose addRemoteTarball https://registry.npmjs.org/express-jwt/-/express-jwt-7.7.7.tgz not in flight; adding
55 verbose addRemoteTarball [ 'https://registry.npmjs.org/express-jwt/-/express-jwt-7.7.7.tgz',
55 verbose addRemoteTarball   'b0400a8c759aba0774d84459e1d2eea7e9869d40' ]
56 info retry fetch attempt 1 at 6:59:05 PM
57 info attempt registry request try #1 at 6:59:05 PM
58 http fetch GET https://registry.npmjs.org/express-jwt/-/express-jwt-7.7.7.tgz
59 http fetch 200 https://registry.npmjs.org/express-jwt/-/express-jwt-7.7.7.tgz
60 silly fetchAndShaCheck shasum b0400a8c759aba0774d84459e1d2eea7e9869d40
61 verbose addTmpTarball /tmp/npm-15243-027be13b/registry.npmjs.org/express-jwt/-/express-jwt-7.7.7.tgz not in flight; adding
62 verbose addTmpTarball already have metadata; skipping unpack for express-jwt@7.7.7
63 silly cache afterAdd express-jwt@7.7.7
64 verbose afterAdd /home/celine-bot/.npm/express-jwt/7.7.7/package/package.json not in flight; writing
65 verbose afterAdd /home/celine-bot/.npm/express-jwt/7.7.7/package/package.json written
66 silly fetchNamedPackageData @types/jsonwebtoken
67 silly mapToRegistry name @types/jsonwebtoken
68 silly mapToRegistry scope (from package name) @types
69 verbose mapToRegistry no registry URL found in name for scope @types
70 silly mapToRegistry using default registry
71 silly mapToRegistry registry https://registry.npmjs.org/
72 silly mapToRegistry uri https://registry.npmjs.org/@types%2fjsonwebtoken
73 silly fetchNamedPackageData express-unless
74 silly mapToRegistry name express-unless
75 silly mapToRegistry using default registry
76 silly mapToRegistry registry https://registry.npmjs.org/
77 silly mapToRegistry uri https://registry.npmjs.org/express-unless
78 verbose request uri https://registry.npmjs.org/@types%2fjsonwebtoken
79 verbose request no auth needed
80 info attempt registry request try #1 at 6:59:14 PM
81 http request GET https://registry.npmjs.org/@types%2fjsonwebtoken
82 verbose request uri https://registry.npmjs.org/express-unless
83 verbose request no auth needed
84 info attempt registry request try #1 at 6:59:14 PM
85 http request GET https://registry.npmjs.org/express-unless
86 http 200 https://registry.npmjs.org/express-unless
87 verbose headers { date: 'Fri, 28 Oct 2022 22:59:09 GMT',
87 verbose headers   'content-type': 'application/json',
87 verbose headers   'transfer-encoding': 'chunked',
87 verbose headers   connection: 'keep-alive',
87 verbose headers   'cf-ray': '761747bc8c53191b-EWR',
87 verbose headers   'access-control-allow-origin': '*',
87 verbose headers   'cache-control': 'public, max-age=300',
87 verbose headers   etag: 'W/"08695c593944569d244a10e5ec717918"',
87 verbose headers   'last-modified': 'Mon, 24 Oct 2022 16:49:16 GMT',
87 verbose headers   vary: 'accept-encoding, accept',
87 verbose headers   'cf-cache-status': 'REVALIDATED',
87 verbose headers   'x-amz-replication-status': 'COMPLETED',
87 verbose headers   server: 'cloudflare',
87 verbose headers   'content-encoding': 'gzip' }
88 silly get cb [ 200,
88 silly get   { date: 'Fri, 28 Oct 2022 22:59:09 GMT',
88 silly get     'content-type': 'application/json',
88 silly get     'transfer-encoding': 'chunked',
88 silly get     connection: 'keep-alive',
88 silly get     'cf-ray': '761747bc8c53191b-EWR',
88 silly get     'access-control-allow-origin': '*',
88 silly get     'cache-control': 'public, max-age=300',
88 silly get     etag: 'W/"08695c593944569d244a10e5ec717918"',
88 silly get     'last-modified': 'Mon, 24 Oct 2022 16:49:16 GMT',
88 silly get     vary: 'accept-encoding, accept',
88 silly get     'cf-cache-status': 'REVALIDATED',
88 silly get     'x-amz-replication-status': 'COMPLETED',
88 silly get     server: 'cloudflare',
88 silly get     'content-encoding': 'gzip' } ]
89 verbose get saving express-unless to /home/celine-bot/.npm/registry.npmjs.org/express-unless/.cache.json
90 http 200 https://registry.npmjs.org/@types%2fjsonwebtoken
91 verbose headers { date: 'Fri, 28 Oct 2022 22:59:09 GMT',
91 verbose headers   'content-type': 'application/json',
91 verbose headers   'transfer-encoding': 'chunked',
91 verbose headers   connection: 'keep-alive',
91 verbose headers   'cf-ray': '761747baba5915a3-EWR',
91 verbose headers   'access-control-allow-origin': '*',
91 verbose headers   'cache-control': 'public, max-age=300',
91 verbose headers   etag: 'W/"98af5b0c3cf6a2fe057a8c025b332eba"',
91 verbose headers   'last-modified': 'Wed, 24 Aug 2022 10:02:40 GMT',
91 verbose headers   vary: 'accept-encoding, accept',
91 verbose headers   'cf-cache-status': 'REVALIDATED',
91 verbose headers   'x-amz-replication-status': 'COMPLETED',
91 verbose headers   server: 'cloudflare',
91 verbose headers   'content-encoding': 'gzip' }
92 silly get cb [ 200,
92 silly get   { date: 'Fri, 28 Oct 2022 22:59:09 GMT',
92 silly get     'content-type': 'application/json',
92 silly get     'transfer-encoding': 'chunked',
92 silly get     connection: 'keep-alive',
92 silly get     'cf-ray': '761747baba5915a3-EWR',
92 silly get     'access-control-allow-origin': '*',
92 silly get     'cache-control': 'public, max-age=300',
92 silly get     etag: 'W/"98af5b0c3cf6a2fe057a8c025b332eba"',
92 silly get     'last-modified': 'Wed, 24 Aug 2022 10:02:40 GMT',
92 silly get     vary: 'accept-encoding, accept',
92 silly get     'cf-cache-status': 'REVALIDATED',
92 silly get     'x-amz-replication-status': 'COMPLETED',
92 silly get     server: 'cloudflare',
92 silly get     'content-encoding': 'gzip' } ]
93 verbose get saving @types/jsonwebtoken to /home/celine-bot/.npm/registry.npmjs.org/_40types_252fjsonwebtoken/.cache.json
94 silly resolveWithNewModule express-unless@2.1.3 checking installable status
95 silly cache add args [ 'express-unless@^2.1.3', null ]
96 verbose cache add spec express-unless@^2.1.3
97 silly cache add parsed spec Result {
97 silly cache add   raw: 'express-unless@^2.1.3',
97 silly cache add   scope: null,
97 silly cache add   name: 'express-unless',
97 silly cache add   rawSpec: '^2.1.3',
97 silly cache add   spec: '>=2.1.3 <3.0.0',
97 silly cache add   type: 'range' }
98 silly addNamed express-unless@>=2.1.3 <3.0.0
99 verbose addNamed ">=2.1.3 <3.0.0" is a valid semver range for express-unless
100 silly addNameRange { name: 'express-unless',
100 silly addNameRange   range: '>=2.1.3 <3.0.0',
100 silly addNameRange   hasData: false }
101 silly mapToRegistry name express-unless
102 silly mapToRegistry using default registry
103 silly mapToRegistry registry https://registry.npmjs.org/
104 silly mapToRegistry uri https://registry.npmjs.org/express-unless
105 verbose addNameRange registry:https://registry.npmjs.org/express-unless not in flight; fetching
106 verbose get https://registry.npmjs.org/express-unless not expired, no request
107 silly addNameRange number 2 { name: 'express-unless',
107 silly addNameRange   range: '>=2.1.3 <3.0.0',
107 silly addNameRange   hasData: true }
108 silly addNameRange versions [ 'express-unless',
108 silly addNameRange   [ '0.0.0',
108 silly addNameRange     '0.1.0',
108 silly addNameRange     '0.1.1',
108 silly addNameRange     '0.3.0',
108 silly addNameRange     '0.3.1',
108 silly addNameRange     '0.4.0',
108 silly addNameRange     '0.5.0',
108 silly addNameRange     '1.0.0',
108 silly addNameRange     '2.0.0',
108 silly addNameRange     '2.0.1',
108 silly addNameRange     '2.0.2',
108 silly addNameRange     '2.1.0',
108 silly addNameRange     '2.1.1',
108 silly addNameRange     '2.1.2',
108 silly addNameRange     '2.1.3' ] ]
109 silly addNamed express-unless@2.1.3
110 verbose addNamed "2.1.3" is a plain semver version for express-unless
111 silly mapToRegistry name express-unless
112 silly mapToRegistry using default registry
113 silly mapToRegistry registry https://registry.npmjs.org/
114 silly mapToRegistry uri https://registry.npmjs.org/express-unless
115 verbose addRemoteTarball https://registry.npmjs.org/express-unless/-/express-unless-2.1.3.tgz not in flight; adding
116 verbose addRemoteTarball [ 'https://registry.npmjs.org/express-unless/-/express-unless-2.1.3.tgz',
116 verbose addRemoteTarball   'f951c6cca52a24da3de32d42cfd4db57bc0f9a2e' ]
117 silly resolveWithNewModule @types/jsonwebtoken@8.5.9 checking installable status
118 silly cache add args [ '@types/jsonwebtoken@^8.5.8', null ]
119 verbose cache add spec @types/jsonwebtoken@^8.5.8
120 silly cache add parsed spec Result {
120 silly cache add   raw: '@types/jsonwebtoken@^8.5.8',
120 silly cache add   scope: '@types',
120 silly cache add   name: '@types/jsonwebtoken',
120 silly cache add   rawSpec: '^8.5.8',
120 silly cache add   spec: '>=8.5.8 <9.0.0',
120 silly cache add   type: 'range' }
121 silly addNamed @types/jsonwebtoken@>=8.5.8 <9.0.0
122 verbose addNamed ">=8.5.8 <9.0.0" is a valid semver range for @types/jsonwebtoken
123 silly addNameRange { name: '@types/jsonwebtoken',
123 silly addNameRange   range: '>=8.5.8 <9.0.0',
123 silly addNameRange   hasData: false }
124 silly mapToRegistry name @types/jsonwebtoken
125 silly mapToRegistry scope (from package name) @types
126 verbose mapToRegistry no registry URL found in name for scope @types
127 silly mapToRegistry using default registry
128 silly mapToRegistry registry https://registry.npmjs.org/
129 silly mapToRegistry uri https://registry.npmjs.org/@types%2fjsonwebtoken
130 verbose addNameRange registry:https://registry.npmjs.org/@types%2fjsonwebtoken not in flight; fetching
131 info retry fetch attempt 1 at 6:59:16 PM
132 info attempt registry request try #1 at 6:59:16 PM
133 http fetch GET https://registry.npmjs.org/express-unless/-/express-unless-2.1.3.tgz
134 verbose get https://registry.npmjs.org/@types%2fjsonwebtoken not expired, no request
135 silly addNameRange number 2 { name: '@types/jsonwebtoken',
135 silly addNameRange   range: '>=8.5.8 <9.0.0',
135 silly addNameRange   hasData: true }
136 silly addNameRange versions [ '@types/jsonwebtoken',
136 silly addNameRange   [ '5.7.15-alpha',
136 silly addNameRange     '5.7.16-alpha',
136 silly addNameRange     '5.7.21-alpha',
136 silly addNameRange     '5.7.22-alpha',
136 silly addNameRange     '5.7.23-alpha',
136 silly addNameRange     '5.7.24-alpha',
136 silly addNameRange     '5.7.25-alpha',
136 silly addNameRange     '5.7.26-alpha',
136 silly addNameRange     '5.7.27-alpha',
136 silly addNameRange     '5.7.28',
136 silly addNameRange     '7.1.29',
136 silly addNameRange     '7.1.30',
136 silly addNameRange     '7.1.31',
136 silly addNameRange     '7.1.32',
136 silly addNameRange     '7.1.33',
136 silly addNameRange     '7.2.0',
136 silly addNameRange     '7.2.1',
136 silly addNameRange     '7.2.2',
136 silly addNameRange     '7.2.3',
136 silly addNameRange     '7.2.4',
136 silly addNameRange     '7.2.5',
136 silly addNameRange     '7.2.6',
136 silly addNameRange     '7.2.7',
136 silly addNameRange     '7.2.8',
136 silly addNameRange     '8.3.0',
136 silly addNameRange     '8.3.1',
136 silly addNameRange     '8.3.2',
136 silly addNameRange     '8.3.3',
136 silly addNameRange     '8.3.4',
136 silly addNameRange     '8.3.5',
136 silly addNameRange     '8.3.6',
136 silly addNameRange     '8.3.7',
136 silly addNameRange     '8.3.8',
136 silly addNameRange     '8.3.9',
136 silly addNameRange     '8.5.0',
136 silly addNameRange     '8.5.1',
136 silly addNameRange     '8.5.2',
136 silly addNameRange     '8.5.3',
136 silly addNameRange     '8.5.4',
136 silly addNameRange     '8.5.5',
136 silly addNameRange     '8.5.6',
136 silly addNameRange     '8.5.7',
136 silly addNameRange     '8.5.8',
136 silly addNameRange     '8.5.9' ] ]
137 silly addNamed @types/jsonwebtoken@8.5.9
138 verbose addNamed "8.5.9" is a plain semver version for @types/jsonwebtoken
139 silly mapToRegistry name @types/jsonwebtoken
140 silly mapToRegistry scope (from package name) @types
141 verbose mapToRegistry no registry URL found in name for scope @types
142 silly mapToRegistry using default registry
143 silly mapToRegistry registry https://registry.npmjs.org/
144 silly mapToRegistry uri https://registry.npmjs.org/@types%2fjsonwebtoken
145 verbose addRemoteTarball https://registry.npmjs.org/@types/jsonwebtoken/-/jsonwebtoken-8.5.9.tgz not in flight; adding
146 verbose addRemoteTarball [ 'https://registry.npmjs.org/@types/jsonwebtoken/-/jsonwebtoken-8.5.9.tgz',
146 verbose addRemoteTarball   '2c064ecb0b3128d837d2764aa0b117b0ff6e4586' ]
147 http fetch 200 https://registry.npmjs.org/express-unless/-/express-unless-2.1.3.tgz
148 silly fetchAndShaCheck shasum f951c6cca52a24da3de32d42cfd4db57bc0f9a2e
149 info retry fetch attempt 1 at 6:59:16 PM
150 info attempt registry request try #1 at 6:59:16 PM
151 http fetch GET https://registry.npmjs.org/@types/jsonwebtoken/-/jsonwebtoken-8.5.9.tgz
152 verbose addTmpTarball /tmp/npm-15243-027be13b/registry.npmjs.org/express-unless/-/express-unless-2.1.3.tgz not in flight; adding
153 verbose addTmpTarball already have metadata; skipping unpack for express-unless@2.1.3
154 silly cache afterAdd express-unless@2.1.3
155 verbose afterAdd /home/celine-bot/.npm/express-unless/2.1.3/package/package.json not in flight; writing
156 verbose afterAdd /home/celine-bot/.npm/express-unless/2.1.3/package/package.json written
157 http fetch 200 https://registry.npmjs.org/@types/jsonwebtoken/-/jsonwebtoken-8.5.9.tgz
158 silly fetchAndShaCheck shasum 2c064ecb0b3128d837d2764aa0b117b0ff6e4586
159 verbose addTmpTarball /tmp/npm-15243-027be13b/registry.npmjs.org/_40types/jsonwebtoken/-/jsonwebtoken-8.5.9.tgz not in flight; adding
160 verbose addTmpTarball already have metadata; skipping unpack for @types/jsonwebtoken@8.5.9
161 silly cache afterAdd @types/jsonwebtoken@8.5.9
162 verbose afterAdd /home/celine-bot/.npm/@types/jsonwebtoken/8.5.9/package/package.json not in flight; writing
163 verbose afterAdd /home/celine-bot/.npm/@types/jsonwebtoken/8.5.9/package/package.json written
164 silly fetchNamedPackageData @types/node
165 silly mapToRegistry name @types/node
166 silly mapToRegistry scope (from package name) @types
167 verbose mapToRegistry no registry URL found in name for scope @types
168 silly mapToRegistry using default registry
169 silly mapToRegistry registry https://registry.npmjs.org/
170 silly mapToRegistry uri https://registry.npmjs.org/@types%2fnode
171 verbose request uri https://registry.npmjs.org/@types%2fnode
172 verbose request no auth needed
173 info attempt registry request try #1 at 6:59:17 PM
174 http request GET https://registry.npmjs.org/@types%2fnode
175 http 200 https://registry.npmjs.org/@types%2fnode
176 verbose headers { date: 'Fri, 28 Oct 2022 22:59:11 GMT',
176 verbose headers   'content-type': 'application/json',
176 verbose headers   'transfer-encoding': 'chunked',
176 verbose headers   connection: 'keep-alive',
176 verbose headers   'cf-ray': '761747cc0a07191b-EWR',
176 verbose headers   'access-control-allow-origin': '*',
176 verbose headers   age: '112',
176 verbose headers   'cache-control': 'public, max-age=300',
176 verbose headers   etag: 'W/"9f70e0f65e7ed1b3122a061070cae826"',
176 verbose headers   'last-modified': 'Wed, 26 Oct 2022 20:34:27 GMT',
176 verbose headers   vary: 'accept-encoding, accept',
176 verbose headers   'cf-cache-status': 'HIT',
176 verbose headers   'x-amz-replication-status': 'PENDING',
176 verbose headers   server: 'cloudflare',
176 verbose headers   'content-encoding': 'gzip' }
177 silly get cb [ 200,
177 silly get   { date: 'Fri, 28 Oct 2022 22:59:11 GMT',
177 silly get     'content-type': 'application/json',
177 silly get     'transfer-encoding': 'chunked',
177 silly get     connection: 'keep-alive',
177 silly get     'cf-ray': '761747cc0a07191b-EWR',
177 silly get     'access-control-allow-origin': '*',
177 silly get     age: '112',
177 silly get     'cache-control': 'public, max-age=300',
177 silly get     etag: 'W/"9f70e0f65e7ed1b3122a061070cae826"',
177 silly get     'last-modified': 'Wed, 26 Oct 2022 20:34:27 GMT',
177 silly get     vary: 'accept-encoding, accept',
177 silly get     'cf-cache-status': 'HIT',
177 silly get     'x-amz-replication-status': 'PENDING',
177 silly get     server: 'cloudflare',
177 silly get     'content-encoding': 'gzip' } ]
178 verbose get saving @types/node to /home/celine-bot/.npm/registry.npmjs.org/_40types_252fnode/.cache.json
179 silly resolveWithNewModule @types/node@18.11.7 checking installable status
180 silly cache add args [ '@types/node@*', null ]
181 verbose cache add spec @types/node@*
182 silly cache add parsed spec Result {
182 silly cache add   raw: '@types/node@*',
182 silly cache add   scope: '@types',
182 silly cache add   name: '@types/node',
182 silly cache add   rawSpec: '*',
182 silly cache add   spec: '*',
182 silly cache add   type: 'range' }
183 silly addNamed @types/node@*
184 verbose addNamed "*" is a valid semver range for @types/node
185 silly addNameRange { name: '@types/node', range: '*', hasData: false }
186 silly mapToRegistry name @types/node
187 silly mapToRegistry scope (from package name) @types
188 verbose mapToRegistry no registry URL found in name for scope @types
189 silly mapToRegistry using default registry
190 silly mapToRegistry registry https://registry.npmjs.org/
191 silly mapToRegistry uri https://registry.npmjs.org/@types%2fnode
192 verbose addNameRange registry:https://registry.npmjs.org/@types%2fnode not in flight; fetching
193 verbose request uri https://registry.npmjs.org/@types%2fnode
194 verbose request no auth needed
195 info attempt registry request try #1 at 6:59:39 PM
196 verbose etag W/"9f70e0f65e7ed1b3122a061070cae826"
197 verbose lastModified Wed, 26 Oct 2022 20:34:27 GMT
198 http request GET https://registry.npmjs.org/@types%2fnode
199 http 304 https://registry.npmjs.org/@types%2fnode
200 verbose headers { date: 'Fri, 28 Oct 2022 22:59:33 GMT',
200 verbose headers   connection: 'keep-alive',
200 verbose headers   'cf-ray': '76174855c94115a3-EWR',
200 verbose headers   age: '292',
200 verbose headers   'cache-control': 'public, max-age=300',
200 verbose headers   etag: '"9f70e0f65e7ed1b3122a061070cae826"',
200 verbose headers   'last-modified': 'Wed, 26 Oct 2022 20:34:27 GMT',
200 verbose headers   vary: 'Accept-Encoding',
200 verbose headers   'cf-cache-status': 'HIT',
200 verbose headers   'x-amz-replication-status': 'PENDING',
200 verbose headers   server: 'cloudflare' }
201 silly get cb [ 304,
201 silly get   { date: 'Fri, 28 Oct 2022 22:59:33 GMT',
201 silly get     connection: 'keep-alive',
201 silly get     'cf-ray': '76174855c94115a3-EWR',
201 silly get     age: '292',
201 silly get     'cache-control': 'public, max-age=300',
201 silly get     etag: '"9f70e0f65e7ed1b3122a061070cae826"',
201 silly get     'last-modified': 'Wed, 26 Oct 2022 20:34:27 GMT',
201 silly get     vary: 'Accept-Encoding',
201 silly get     'cf-cache-status': 'HIT',
201 silly get     'x-amz-replication-status': 'PENDING',
201 silly get     server: 'cloudflare' } ]
202 verbose etag https://registry.npmjs.org/@types%2fnode from cache
203 verbose get saving @types/node to /home/celine-bot/.npm/registry.npmjs.org/_40types_252fnode/.cache.json
204 silly addNameRange number 2 { name: '@types/node', range: '*', hasData: true }
205 silly addNameRange versions [ '@types/node',
205 silly addNameRange   [ '4.0.15-alpha',
205 silly addNameRange     '4.0.16-alpha',
205 silly addNameRange     '4.0.21-alpha',
205 silly addNameRange     '4.0.22-alpha',
205 silly addNameRange     '4.0.23-alpha',
205 silly addNameRange     '4.0.24-alpha',
205 silly addNameRange     '4.0.25-alpha',
205 silly addNameRange     '4.0.26-alpha',
205 silly addNameRange     '4.0.27-alpha',
205 silly addNameRange     '4.0.28-alpha',
205 silly addNameRange     '4.0.29',
205 silly addNameRange     '4.0.30',
205 silly addNameRange     '6.0.31',
205 silly addNameRange     '6.0.32',
205 silly addNameRange     '6.0.33',
205 silly addNameRange     '6.0.34',
205 silly addNameRange     '6.0.35',
205 silly addNameRange     '6.0.36',
205 silly addNameRange     '6.0.37',
205 silly addNameRange     '6.0.38',
205 silly addNameRange     '6.0.39',
205 silly addNameRange     '6.0.40',
205 silly addNameRange     '6.0.41',
205 silly addNameRange     '6.0.42',
205 silly addNameRange     '6.0.43',
205 silly addNameRange     '6.0.44',
205 silly addNameRange     '6.0.45',
205 silly addNameRange     '6.0.46',
205 silly addNameRange     '6.0.47',
205 silly addNameRange     '6.0.48',
205 silly addNameRange     '6.0.49',
205 silly addNameRange     '6.0.50',
205 silly addNameRange     '6.0.51',
205 silly addNameRange     '0.0.0',
205 silly addNameRange     '0.0.1',
205 silly addNameRange     '0.0.2',
205 silly addNameRange     '0.0.3',
205 silly addNameRange     '6.0.52',
205 silly addNameRange     '6.0.53',
205 silly addNameRange     '6.0.54',
205 silly addNameRange     '6.0.55',
205 silly addNameRange     '6.0.56',
205 silly addNameRange     '6.0.57',
205 silly addNameRange     '6.0.58',
205 silly addNameRange     '6.0.59',
205 silly addNameRange     '4.2.0',
205 silly addNameRange     '0.12.0',
205 silly addNameRange     '7.0.0',
205 silly addNameRange     '6.0.60',
205 silly addNameRange     '7.0.1',
205 silly addNameRange     '6.0.61',
205 silly addNameRange     '7.0.2',
205 silly addNameRange     '7.0.3',
205 silly addNameRange     '7.0.4',
205 silly addNameRange     '4.2.1',
205 silly addNameRange     '6.0.62',
205 silly addNameRange     '7.0.5',
205 silly addNameRange     '6.0.63',
205 silly addNameRange     '4.2.2',
205 silly addNameRange     '0.12.1',
205 silly addNameRange     '4.2.3',
205 silly addNameRange     '6.0.64',
205 silly addNameRange     '7.0.6',
205 silly addNameRange     '6.0.65',
205 silly addNameRange     '7.0.7',
205 silly addNameRange     '7.0.8',
205 silly addNameRange     '4.2.4',
205 silly addNameRange     '0.12.2',
205 silly addNameRange     '6.0.66',
205 silly addNameRange     '7.0.9',
205 silly addNameRange     '7.0.10',
205 silly addNameRange     '7.0.11',
205 silly addNameRange     '6.0.67',
205 silly addNameRange     '6.0.68',
205 silly addNameRange     '7.0.12',
205 silly addNameRange     '4.2.5',
205 silly addNameRange     '0.12.3',
205 silly addNameRange     '6.0.69',
205 silly addNameRange     '0.12.4',
205 silly addNameRange     '4.2.6',
205 silly addNameRange     '6.0.70',
205 silly addNameRange     '7.0.13',
205 silly addNameRange     '7.0.14',
205 silly addNameRange     '6.0.71',
205 silly addNameRange     '7.0.15',
205 silly addNameRange     '4.2.7',
205 silly addNameRange     '6.0.72',
205 silly addNameRange     '7.0.16',
205 silly addNameRange     '7.0.17',
205 silly addNameRange     '7.0.18',
205 silly addNameRange     '4.2.8',
205 silly addNameRange     '6.0.73',
205 silly addNameRange     '7.0.19',
205 silly addNameRange     '7.0.20',
205 silly addNameRange     '7.0.21',
205 silly addNameRange     '7.0.22',
205 silly addNameRange     '6.0.74',
205 silly addNameRange     '7.0.23',
205 silly addNameRange     '7.0.24',
205 silly addNameRange     '6.0.75',
205 silly addNameRange     ... 1356 more items ] ]
206 silly addNamed @types/node@18.11.7
207 verbose addNamed "18.11.7" is a plain semver version for @types/node
208 silly mapToRegistry name @types/node
209 silly mapToRegistry scope (from package name) @types
210 verbose mapToRegistry no registry URL found in name for scope @types
211 silly mapToRegistry using default registry
212 silly mapToRegistry registry https://registry.npmjs.org/
213 silly mapToRegistry uri https://registry.npmjs.org/@types%2fnode
214 verbose addRemoteTarball https://registry.npmjs.org/@types/node/-/node-18.11.7.tgz not in flight; adding
215 verbose addRemoteTarball [ 'https://registry.npmjs.org/@types/node/-/node-18.11.7.tgz',
215 verbose addRemoteTarball   '8ccef136f240770c1379d50100796a6952f01f94' ]
216 info retry fetch attempt 1 at 6:59:41 PM
217 info attempt registry request try #1 at 6:59:41 PM
218 http fetch GET https://registry.npmjs.org/@types/node/-/node-18.11.7.tgz
219 http fetch 200 https://registry.npmjs.org/@types/node/-/node-18.11.7.tgz
220 silly fetchAndShaCheck shasum 8ccef136f240770c1379d50100796a6952f01f94
221 verbose addTmpTarball /tmp/npm-15243-027be13b/registry.npmjs.org/_40types/node/-/node-18.11.7.tgz not in flight; adding
222 verbose addTmpTarball already have metadata; skipping unpack for @types/node@18.11.7
223 silly cache afterAdd @types/node@18.11.7
224 verbose afterAdd /home/celine-bot/.npm/@types/node/18.11.7/package/package.json not in flight; writing
225 verbose afterAdd /home/celine-bot/.npm/@types/node/18.11.7/package/package.json written
226 silly loadAllDepsIntoIdealTree Finishing
227 silly idealTree:prePrune KokiETech
227 silly idealTree:prePrune ├── @types/jsonwebtoken@8.5.9
227 silly idealTree:prePrune ├── @types/node@18.11.7
227 silly idealTree:prePrune ├── abbrev@1.1.1
227 silly idealTree:prePrune ├── accepts@1.3.8
227 silly idealTree:prePrune ├── anymatch@3.1.2
227 silly idealTree:prePrune ├── array-flatten@1.1.1
227 silly idealTree:prePrune ├── balanced-match@1.0.2
227 silly idealTree:prePrune ├── binary-extensions@2.2.0
227 silly idealTree:prePrune ├─┬ body-parser@1.20.1
227 silly idealTree:prePrune │ ├── debug@2.6.9
227 silly idealTree:prePrune │ └── ms@2.0.0
227 silly idealTree:prePrune ├── brace-expansion@1.1.11
227 silly idealTree:prePrune ├── braces@3.0.2
227 silly idealTree:prePrune ├── buffer-equal-constant-time@1.0.1
227 silly idealTree:prePrune ├── buffer-writer@2.0.0
227 silly idealTree:prePrune ├── bytes@3.1.2
227 silly idealTree:prePrune ├── call-bind@1.0.2
227 silly idealTree:prePrune ├── chokidar@3.5.3
227 silly idealTree:prePrune ├── colorette@2.0.19
227 silly idealTree:prePrune ├── commander@9.4.1
227 silly idealTree:prePrune ├── concat-map@0.0.1
227 silly idealTree:prePrune ├── content-disposition@0.5.4
227 silly idealTree:prePrune ├── content-type@1.0.4
227 silly idealTree:prePrune ├── cookie-signature@1.0.6
227 silly idealTree:prePrune ├── cookie@0.5.0
227 silly idealTree:prePrune ├── core-util-is@1.0.3
227 silly idealTree:prePrune ├── cors@2.8.5
227 silly idealTree:prePrune ├── debug@4.3.4
227 silly idealTree:prePrune ├── depd@2.0.0
227 silly idealTree:prePrune ├── destroy@1.2.0
227 silly idealTree:prePrune ├── dotenv@16.0.3
227 silly idealTree:prePrune ├── ecdsa-sig-formatter@1.0.11
227 silly idealTree:prePrune ├── ee-first@1.1.1
227 silly idealTree:prePrune ├── encodeurl@1.0.2
227 silly idealTree:prePrune ├── escalade@3.1.1
227 silly idealTree:prePrune ├── escape-html@1.0.3
227 silly idealTree:prePrune ├── esm@3.2.25
227 silly idealTree:prePrune ├── etag@1.8.1
227 silly idealTree:prePrune ├── express-jwt@7.7.7
227 silly idealTree:prePrune ├── express-unless@2.1.3
227 silly idealTree:prePrune ├─┬ express@4.18.2
227 silly idealTree:prePrune │ ├── debug@2.6.9
227 silly idealTree:prePrune │ └── ms@2.0.0
227 silly idealTree:prePrune ├── fill-range@7.0.1
227 silly idealTree:prePrune ├─┬ finalhandler@1.2.0
227 silly idealTree:prePrune │ ├── debug@2.6.9
227 silly idealTree:prePrune │ └── ms@2.0.0
227 silly idealTree:prePrune ├── forwarded@0.2.0
227 silly idealTree:prePrune ├── fresh@0.5.2
227 silly idealTree:prePrune ├── fsevents@2.3.2
227 silly idealTree:prePrune ├── function-bind@1.1.1
227 silly idealTree:prePrune ├── get-intrinsic@1.1.3
227 silly idealTree:prePrune ├── get-package-type@0.1.0
227 silly idealTree:prePrune ├── getopts@2.3.0
227 silly idealTree:prePrune ├── glob-parent@5.1.2
227 silly idealTree:prePrune ├── has-flag@3.0.0
227 silly idealTree:prePrune ├── has-symbols@1.0.3
227 silly idealTree:prePrune ├── has@1.0.3
227 silly idealTree:prePrune ├── http-errors@2.0.0
227 silly idealTree:prePrune ├── iconv-lite@0.4.24
227 silly idealTree:prePrune ├── ignore-by-default@1.0.1
227 silly idealTree:prePrune ├── inherits@2.0.4
227 silly idealTree:prePrune ├── interpret@2.2.0
227 silly idealTree:prePrune ├── ipaddr.js@1.9.1
227 silly idealTree:prePrune ├── is-binary-path@2.1.0
227 silly idealTree:prePrune ├── is-core-module@2.11.0
227 silly idealTree:prePrune ├── is-extglob@2.1.1
227 silly idealTree:prePrune ├── is-glob@4.0.3
227 silly idealTree:prePrune ├── is-number@7.0.0
227 silly idealTree:prePrune ├── isarray@0.0.1
227 silly idealTree:prePrune ├── jsonwebtoken@8.5.1
227 silly idealTree:prePrune ├── jwa@1.4.1
227 silly idealTree:prePrune ├── jws@3.2.2
227 silly idealTree:prePrune ├── knex@2.3.0
227 silly idealTree:prePrune ├── lodash.includes@4.3.0
227 silly idealTree:prePrune ├── lodash.isboolean@3.0.3
227 silly idealTree:prePrune ├── lodash.isinteger@4.0.4
227 silly idealTree:prePrune ├── lodash.isnumber@3.0.3
227 silly idealTree:prePrune ├── lodash.isplainobject@4.0.6
227 silly idealTree:prePrune ├── lodash.isstring@4.0.1
227 silly idealTree:prePrune ├── lodash.once@4.1.1
227 silly idealTree:prePrune ├── lodash@4.17.21
227 silly idealTree:prePrune ├── media-typer@0.3.0
227 silly idealTree:prePrune ├── merge-descriptors@1.0.1
227 silly idealTree:prePrune ├── methods@1.1.2
227 silly idealTree:prePrune ├── mime-db@1.52.0
227 silly idealTree:prePrune ├── mime-types@2.1.35
227 silly idealTree:prePrune ├── mime@1.6.0
227 silly idealTree:prePrune ├── minimatch@3.1.2
227 silly idealTree:prePrune ├── ms@2.1.2
227 silly idealTree:prePrune ├── negotiator@0.6.3
227 silly idealTree:prePrune ├─┬ nodemon@2.0.20
227 silly idealTree:prePrune │ └── debug@3.2.7
227 silly idealTree:prePrune ├── nopt@1.0.10
227 silly idealTree:prePrune ├── normalize-path@3.0.0
227 silly idealTree:prePrune ├── object-assign@4.1.1
227 silly idealTree:prePrune ├── object-inspect@1.12.2
227 silly idealTree:prePrune ├── on-finished@2.4.1
227 silly idealTree:prePrune ├── packet-reader@1.0.0
227 silly idealTree:prePrune ├── parseurl@1.3.3
227 silly idealTree:prePrune ├── path-parse@1.0.7
227 silly idealTree:prePrune ├── path-to-regexp@0.1.7
227 silly idealTree:prePrune ├── pg-connection-string@2.5.0
227 silly idealTree:prePrune ├── pg-int8@1.0.1
227 silly idealTree:prePrune ├── pg-pool@3.5.2
227 silly idealTree:prePrune ├── pg-protocol@1.5.0
227 silly idealTree:prePrune ├── pg-types@2.2.0
227 silly idealTree:prePrune ├── pg@8.8.0
227 silly idealTree:prePrune ├── pgpass@1.0.5
227 silly idealTree:prePrune ├── picomatch@2.3.1
227 silly idealTree:prePrune ├── postgres-array@2.0.0
227 silly idealTree:prePrune ├── postgres-bytea@1.0.0
227 silly idealTree:prePrune ├── postgres-date@1.0.7
227 silly idealTree:prePrune ├── postgres-interval@1.2.0
227 silly idealTree:prePrune ├── proxy-addr@2.0.7
227 silly idealTree:prePrune ├── pstree.remy@1.1.8
227 silly idealTree:prePrune ├── qs@6.11.0
227 silly idealTree:prePrune ├── range-parser@1.2.1
227 silly idealTree:prePrune ├── raw-body@2.5.1
227 silly idealTree:prePrune ├── readable-stream@1.0.31
227 silly idealTree:prePrune ├── readdirp@3.6.0
227 silly idealTree:prePrune ├── rechoir@0.8.0
227 silly idealTree:prePrune ├── resolve-from@5.0.0
227 silly idealTree:prePrune ├── resolve@1.22.1
227 silly idealTree:prePrune ├── safe-buffer@5.2.1
227 silly idealTree:prePrune ├── safer-buffer@2.1.2
227 silly idealTree:prePrune ├── semver@5.7.1
227 silly idealTree:prePrune ├─┬ send@0.18.0
227 silly idealTree:prePrune │ ├─┬ debug@2.6.9
227 silly idealTree:prePrune │ │ └── ms@2.0.0
227 silly idealTree:prePrune │ └── ms@2.1.3
227 silly idealTree:prePrune ├── serve-static@1.15.0
227 silly idealTree:prePrune ├── setprototypeof@1.2.0
227 silly idealTree:prePrune ├── side-channel@1.0.4
227 silly idealTree:prePrune ├─┬ simple-update-notifier@1.0.7
227 silly idealTree:prePrune │ └── semver@7.0.0
227 silly idealTree:prePrune ├── split2@4.1.0
227 silly idealTree:prePrune ├── statuses@2.0.1
227 silly idealTree:prePrune ├── string_decoder@0.10.31
227 silly idealTree:prePrune ├── supports-color@5.5.0
227 silly idealTree:prePrune ├── supports-preserve-symlinks-flag@1.0.0
227 silly idealTree:prePrune ├── tarn@3.0.2
227 silly idealTree:prePrune ├── tildify@2.0.0
227 silly idealTree:prePrune ├── to-regex-range@5.0.1
227 silly idealTree:prePrune ├── toidentifier@1.0.1
227 silly idealTree:prePrune ├── touch@3.1.0
227 silly idealTree:prePrune ├── type-is@1.6.18
227 silly idealTree:prePrune ├── undefsafe@2.0.5
227 silly idealTree:prePrune ├── unpipe@1.0.0
227 silly idealTree:prePrune ├── utils-merge@1.0.1
227 silly idealTree:prePrune ├── vary@1.1.2
227 silly idealTree:prePrune └── xtend@4.0.2
228 silly loadIdealTree Finishing
229 silly currentTree KokiETech
229 silly currentTree ├── abbrev@1.1.1
229 silly currentTree ├── accepts@1.3.8
229 silly currentTree ├── anymatch@3.1.2
229 silly currentTree ├── array-flatten@1.1.1
229 silly currentTree ├── balanced-match@1.0.2
229 silly currentTree ├── binary-extensions@2.2.0
229 silly currentTree ├─┬ body-parser@1.20.1
229 silly currentTree │ ├── debug@2.6.9
229 silly currentTree │ └── ms@2.0.0
229 silly currentTree ├── brace-expansion@1.1.11
229 silly currentTree ├── braces@3.0.2
229 silly currentTree ├── buffer-equal-constant-time@1.0.1
229 silly currentTree ├── buffer-writer@2.0.0
229 silly currentTree ├── bytes@3.1.2
229 silly currentTree ├── call-bind@1.0.2
229 silly currentTree ├── chokidar@3.5.3
229 silly currentTree ├── colorette@2.0.19
229 silly currentTree ├── commander@9.4.1
229 silly currentTree ├── concat-map@0.0.1
229 silly currentTree ├── content-disposition@0.5.4
229 silly currentTree ├── content-type@1.0.4
229 silly currentTree ├── cookie-signature@1.0.6
229 silly currentTree ├── cookie@0.5.0
229 silly currentTree ├── core-util-is@1.0.3
229 silly currentTree ├── cors@2.8.5
229 silly currentTree ├── debug@4.3.4
229 silly currentTree ├── depd@2.0.0
229 silly currentTree ├── destroy@1.2.0
229 silly currentTree ├── dotenv@16.0.3
229 silly currentTree ├── ecdsa-sig-formatter@1.0.11
229 silly currentTree ├── ee-first@1.1.1
229 silly currentTree ├── encodeurl@1.0.2
229 silly currentTree ├── escalade@3.1.1
229 silly currentTree ├── escape-html@1.0.3
229 silly currentTree ├── esm@3.2.25
229 silly currentTree ├── etag@1.8.1
229 silly currentTree ├─┬ express@4.18.2
229 silly currentTree │ ├── debug@2.6.9
229 silly currentTree │ └── ms@2.0.0
229 silly currentTree ├── fill-range@7.0.1
229 silly currentTree ├─┬ finalhandler@1.2.0
229 silly currentTree │ ├── debug@2.6.9
229 silly currentTree │ └── ms@2.0.0
229 silly currentTree ├── forwarded@0.2.0
229 silly currentTree ├── fresh@0.5.2
229 silly currentTree ├── fsevents@2.3.2
229 silly currentTree ├── function-bind@1.1.1
229 silly currentTree ├── get-intrinsic@1.1.3
229 silly currentTree ├── get-package-type@0.1.0
229 silly currentTree ├── getopts@2.3.0
229 silly currentTree ├── glob-parent@5.1.2
229 silly currentTree ├── has-flag@3.0.0
229 silly currentTree ├── has-symbols@1.0.3
229 silly currentTree ├── has@1.0.3
229 silly currentTree ├── http-errors@2.0.0
229 silly currentTree ├── iconv-lite@0.4.24
229 silly currentTree ├── ignore-by-default@1.0.1
229 silly currentTree ├── inherits@2.0.4
229 silly currentTree ├── interpret@2.2.0
229 silly currentTree ├── ipaddr.js@1.9.1
229 silly currentTree ├── is-binary-path@2.1.0
229 silly currentTree ├── is-core-module@2.11.0
229 silly currentTree ├── is-extglob@2.1.1
229 silly currentTree ├── is-glob@4.0.3
229 silly currentTree ├── is-number@7.0.0
229 silly currentTree ├── isarray@0.0.1
229 silly currentTree ├── jsonwebtoken@8.5.1
229 silly currentTree ├── jwa@1.4.1
229 silly currentTree ├── jws@3.2.2
229 silly currentTree ├── knex@2.3.0
229 silly currentTree ├── lodash.includes@4.3.0
229 silly currentTree ├── lodash.isboolean@3.0.3
229 silly currentTree ├── lodash.isinteger@4.0.4
229 silly currentTree ├── lodash.isnumber@3.0.3
229 silly currentTree ├── lodash.isplainobject@4.0.6
229 silly currentTree ├── lodash.isstring@4.0.1
229 silly currentTree ├── lodash.once@4.1.1
229 silly currentTree ├── lodash@4.17.21
229 silly currentTree ├── media-typer@0.3.0
229 silly currentTree ├── merge-descriptors@1.0.1
229 silly currentTree ├── methods@1.1.2
229 silly currentTree ├── mime-db@1.52.0
229 silly currentTree ├── mime-types@2.1.35
229 silly currentTree ├── mime@1.6.0
229 silly currentTree ├── minimatch@3.1.2
229 silly currentTree ├── ms@2.1.2
229 silly currentTree ├── negotiator@0.6.3
229 silly currentTree ├─┬ nodemon@2.0.20
229 silly currentTree │ └── debug@3.2.7
229 silly currentTree ├── nopt@1.0.10
229 silly currentTree ├── normalize-path@3.0.0
229 silly currentTree ├── object-assign@4.1.1
229 silly currentTree ├── object-inspect@1.12.2
229 silly currentTree ├── on-finished@2.4.1
229 silly currentTree ├── packet-reader@1.0.0
229 silly currentTree ├── parseurl@1.3.3
229 silly currentTree ├── path-parse@1.0.7
229 silly currentTree ├── path-to-regexp@0.1.7
229 silly currentTree ├── pg-connection-string@2.5.0
229 silly currentTree ├── pg-int8@1.0.1
229 silly currentTree ├── pg-pool@3.5.2
229 silly currentTree ├── pg-protocol@1.5.0
229 silly currentTree ├── pg-types@2.2.0
229 silly currentTree ├── pg@8.8.0
229 silly currentTree ├── pgpass@1.0.5
229 silly currentTree ├── picomatch@2.3.1
229 silly currentTree ├── postgres-array@2.0.0
229 silly currentTree ├── postgres-bytea@1.0.0
229 silly currentTree ├── postgres-date@1.0.7
229 silly currentTree ├── postgres-interval@1.2.0
229 silly currentTree ├── proxy-addr@2.0.7
229 silly currentTree ├── pstree.remy@1.1.8
229 silly currentTree ├── qs@6.11.0
229 silly currentTree ├── range-parser@1.2.1
229 silly currentTree ├── raw-body@2.5.1
229 silly currentTree ├── readable-stream@1.0.31
229 silly currentTree ├── readdirp@3.6.0
229 silly currentTree ├── rechoir@0.8.0
229 silly currentTree ├── resolve-from@5.0.0
229 silly currentTree ├── resolve@1.22.1
229 silly currentTree ├── safe-buffer@5.2.1
229 silly currentTree ├── safer-buffer@2.1.2
229 silly currentTree ├── semver@5.7.1
229 silly currentTree ├─┬ send@0.18.0
229 silly currentTree │ ├─┬ debug@2.6.9
229 silly currentTree │ │ └── ms@2.0.0
229 silly currentTree │ └── ms@2.1.3
229 silly currentTree ├── serve-static@1.15.0
229 silly currentTree ├── setprototypeof@1.2.0
229 silly currentTree ├── side-channel@1.0.4
229 silly currentTree ├─┬ simple-update-notifier@1.0.7
229 silly currentTree │ └── semver@7.0.0
229 silly currentTree ├── split2@4.1.0
229 silly currentTree ├── statuses@2.0.1
229 silly currentTree ├── string_decoder@0.10.31
229 silly currentTree ├── supports-color@5.5.0
229 silly currentTree ├── supports-preserve-symlinks-flag@1.0.0
229 silly currentTree ├── tarn@3.0.2
229 silly currentTree ├── tildify@2.0.0
229 silly currentTree ├── to-regex-range@5.0.1
229 silly currentTree ├── toidentifier@1.0.1
229 silly currentTree ├── touch@3.1.0
229 silly currentTree ├── type-is@1.6.18
229 silly currentTree ├── undefsafe@2.0.5
229 silly currentTree ├── unpipe@1.0.0
229 silly currentTree ├── utils-merge@1.0.1
229 silly currentTree ├── vary@1.1.2
229 silly currentTree └── xtend@4.0.2
230 silly idealTree KokiETech
230 silly idealTree ├── @types/jsonwebtoken@8.5.9
230 silly idealTree ├── @types/node@18.11.7
230 silly idealTree ├── abbrev@1.1.1
230 silly idealTree ├── accepts@1.3.8
230 silly idealTree ├── anymatch@3.1.2
230 silly idealTree ├── array-flatten@1.1.1
230 silly idealTree ├── balanced-match@1.0.2
230 silly idealTree ├── binary-extensions@2.2.0
230 silly idealTree ├─┬ body-parser@1.20.1
230 silly idealTree │ ├── debug@2.6.9
230 silly idealTree │ └── ms@2.0.0
230 silly idealTree ├── brace-expansion@1.1.11
230 silly idealTree ├── braces@3.0.2
230 silly idealTree ├── buffer-equal-constant-time@1.0.1
230 silly idealTree ├── buffer-writer@2.0.0
230 silly idealTree ├── bytes@3.1.2
230 silly idealTree ├── call-bind@1.0.2
230 silly idealTree ├── chokidar@3.5.3
230 silly idealTree ├── colorette@2.0.19
230 silly idealTree ├── commander@9.4.1
230 silly idealTree ├── concat-map@0.0.1
230 silly idealTree ├── content-disposition@0.5.4
230 silly idealTree ├── content-type@1.0.4
230 silly idealTree ├── cookie-signature@1.0.6
230 silly idealTree ├── cookie@0.5.0
230 silly idealTree ├── core-util-is@1.0.3
230 silly idealTree ├── cors@2.8.5
230 silly idealTree ├── debug@4.3.4
230 silly idealTree ├── depd@2.0.0
230 silly idealTree ├── destroy@1.2.0
230 silly idealTree ├── dotenv@16.0.3
230 silly idealTree ├── ecdsa-sig-formatter@1.0.11
230 silly idealTree ├── ee-first@1.1.1
230 silly idealTree ├── encodeurl@1.0.2
230 silly idealTree ├── escalade@3.1.1
230 silly idealTree ├── escape-html@1.0.3
230 silly idealTree ├── esm@3.2.25
230 silly idealTree ├── etag@1.8.1
230 silly idealTree ├── express-jwt@7.7.7
230 silly idealTree ├── express-unless@2.1.3
230 silly idealTree ├─┬ express@4.18.2
230 silly idealTree │ ├── debug@2.6.9
230 silly idealTree │ └── ms@2.0.0
230 silly idealTree ├── fill-range@7.0.1
230 silly idealTree ├─┬ finalhandler@1.2.0
230 silly idealTree │ ├── debug@2.6.9
230 silly idealTree │ └── ms@2.0.0
230 silly idealTree ├── forwarded@0.2.0
230 silly idealTree ├── fresh@0.5.2
230 silly idealTree ├── fsevents@2.3.2
230 silly idealTree ├── function-bind@1.1.1
230 silly idealTree ├── get-intrinsic@1.1.3
230 silly idealTree ├── get-package-type@0.1.0
230 silly idealTree ├── getopts@2.3.0
230 silly idealTree ├── glob-parent@5.1.2
230 silly idealTree ├── has-flag@3.0.0
230 silly idealTree ├── has-symbols@1.0.3
230 silly idealTree ├── has@1.0.3
230 silly idealTree ├── http-errors@2.0.0
230 silly idealTree ├── iconv-lite@0.4.24
230 silly idealTree ├── ignore-by-default@1.0.1
230 silly idealTree ├── inherits@2.0.4
230 silly idealTree ├── interpret@2.2.0
230 silly idealTree ├── ipaddr.js@1.9.1
230 silly idealTree ├── is-binary-path@2.1.0
230 silly idealTree ├── is-core-module@2.11.0
230 silly idealTree ├── is-extglob@2.1.1
230 silly idealTree ├── is-glob@4.0.3
230 silly idealTree ├── is-number@7.0.0
230 silly idealTree ├── isarray@0.0.1
230 silly idealTree ├── jsonwebtoken@8.5.1
230 silly idealTree ├── jwa@1.4.1
230 silly idealTree ├── jws@3.2.2
230 silly idealTree ├── knex@2.3.0
230 silly idealTree ├── lodash.includes@4.3.0
230 silly idealTree ├── lodash.isboolean@3.0.3
230 silly idealTree ├── lodash.isinteger@4.0.4
230 silly idealTree ├── lodash.isnumber@3.0.3
230 silly idealTree ├── lodash.isplainobject@4.0.6
230 silly idealTree ├── lodash.isstring@4.0.1
230 silly idealTree ├── lodash.once@4.1.1
230 silly idealTree ├── lodash@4.17.21
230 silly idealTree ├── media-typer@0.3.0
230 silly idealTree ├── merge-descriptors@1.0.1
230 silly idealTree ├── methods@1.1.2
230 silly idealTree ├── mime-db@1.52.0
230 silly idealTree ├── mime-types@2.1.35
230 silly idealTree ├── mime@1.6.0
230 silly idealTree ├── minimatch@3.1.2
230 silly idealTree ├── ms@2.1.2
230 silly idealTree ├── negotiator@0.6.3
230 silly idealTree ├─┬ nodemon@2.0.20
230 silly idealTree │ └── debug@3.2.7
230 silly idealTree ├── nopt@1.0.10
230 silly idealTree ├── normalize-path@3.0.0
230 silly idealTree ├── object-assign@4.1.1
230 silly idealTree ├── object-inspect@1.12.2
230 silly idealTree ├── on-finished@2.4.1
230 silly idealTree ├── packet-reader@1.0.0
230 silly idealTree ├── parseurl@1.3.3
230 silly idealTree ├── path-parse@1.0.7
230 silly idealTree ├── path-to-regexp@0.1.7
230 silly idealTree ├── pg-connection-string@2.5.0
230 silly idealTree ├── pg-int8@1.0.1
230 silly idealTree ├── pg-pool@3.5.2
230 silly idealTree ├── pg-protocol@1.5.0
230 silly idealTree ├── pg-types@2.2.0
230 silly idealTree ├── pg@8.8.0
230 silly idealTree ├── pgpass@1.0.5
230 silly idealTree ├── picomatch@2.3.1
230 silly idealTree ├── postgres-array@2.0.0
230 silly idealTree ├── postgres-bytea@1.0.0
230 silly idealTree ├── postgres-date@1.0.7
230 silly idealTree ├── postgres-interval@1.2.0
230 silly idealTree ├── proxy-addr@2.0.7
230 silly idealTree ├── pstree.remy@1.1.8
230 silly idealTree ├── qs@6.11.0
230 silly idealTree ├── range-parser@1.2.1
230 silly idealTree ├── raw-body@2.5.1
230 silly idealTree ├── readable-stream@1.0.31
230 silly idealTree ├── readdirp@3.6.0
230 silly idealTree ├── rechoir@0.8.0
230 silly idealTree ├── resolve-from@5.0.0
230 silly idealTree ├── resolve@1.22.1
230 silly idealTree ├── safe-buffer@5.2.1
230 silly idealTree ├── safer-buffer@2.1.2
230 silly idealTree ├── semver@5.7.1
230 silly idealTree ├─┬ send@0.18.0
230 silly idealTree │ ├─┬ debug@2.6.9
230 silly idealTree │ │ └── ms@2.0.0
230 silly idealTree │ └── ms@2.1.3
230 silly idealTree ├── serve-static@1.15.0
230 silly idealTree ├── setprototypeof@1.2.0
230 silly idealTree ├── side-channel@1.0.4
230 silly idealTree ├─┬ simple-update-notifier@1.0.7
230 silly idealTree │ └── semver@7.0.0
230 silly idealTree ├── split2@4.1.0
230 silly idealTree ├── statuses@2.0.1
230 silly idealTree ├── string_decoder@0.10.31
230 silly idealTree ├── supports-color@5.5.0
230 silly idealTree ├── supports-preserve-symlinks-flag@1.0.0
230 silly idealTree ├── tarn@3.0.2
230 silly idealTree ├── tildify@2.0.0
230 silly idealTree ├── to-regex-range@5.0.1
230 silly idealTree ├── toidentifier@1.0.1
230 silly idealTree ├── touch@3.1.0
230 silly idealTree ├── type-is@1.6.18
230 silly idealTree ├── undefsafe@2.0.5
230 silly idealTree ├── unpipe@1.0.0
230 silly idealTree ├── utils-merge@1.0.1
230 silly idealTree ├── vary@1.1.2
230 silly idealTree └── xtend@4.0.2
231 silly generateActionsToTake Starting
232 silly install generateActionsToTake
233 silly generateActionsToTake Finishing
234 silly diffTrees action count 6
235 silly diffTrees add @types/node@18.11.7
236 silly diffTrees add @types/jsonwebtoken@8.5.9
237 silly diffTrees add express-unless@2.1.3
238 silly diffTrees update jsonwebtoken@8.5.1
239 silly diffTrees update dotenv@16.0.3
240 silly diffTrees add express-jwt@7.7.7
241 silly decomposeActions action count 48
242 silly decomposeActions fetch @types/node@18.11.7
243 silly decomposeActions extract @types/node@18.11.7
244 silly decomposeActions test @types/node@18.11.7
245 silly decomposeActions preinstall @types/node@18.11.7
246 silly decomposeActions build @types/node@18.11.7
247 silly decomposeActions install @types/node@18.11.7
248 silly decomposeActions postinstall @types/node@18.11.7
249 silly decomposeActions finalize @types/node@18.11.7
250 silly decomposeActions fetch @types/jsonwebtoken@8.5.9
251 silly decomposeActions extract @types/jsonwebtoken@8.5.9
252 silly decomposeActions test @types/jsonwebtoken@8.5.9
253 silly decomposeActions preinstall @types/jsonwebtoken@8.5.9
254 silly decomposeActions build @types/jsonwebtoken@8.5.9
255 silly decomposeActions install @types/jsonwebtoken@8.5.9
256 silly decomposeActions postinstall @types/jsonwebtoken@8.5.9
257 silly decomposeActions finalize @types/jsonwebtoken@8.5.9
258 silly decomposeActions fetch express-unless@2.1.3
259 silly decomposeActions extract express-unless@2.1.3
260 silly decomposeActions test express-unless@2.1.3
261 silly decomposeActions preinstall express-unless@2.1.3
262 silly decomposeActions build express-unless@2.1.3
263 silly decomposeActions install express-unless@2.1.3
264 silly decomposeActions postinstall express-unless@2.1.3
265 silly decomposeActions finalize express-unless@2.1.3
266 silly decomposeActions fetch jsonwebtoken@8.5.1
267 silly decomposeActions extract jsonwebtoken@8.5.1
268 silly decomposeActions test jsonwebtoken@8.5.1
269 silly decomposeActions preinstall jsonwebtoken@8.5.1
270 silly decomposeActions build jsonwebtoken@8.5.1
271 silly decomposeActions install jsonwebtoken@8.5.1
272 silly decomposeActions postinstall jsonwebtoken@8.5.1
273 silly decomposeActions finalize jsonwebtoken@8.5.1
274 silly decomposeActions fetch dotenv@16.0.3
275 silly decomposeActions extract dotenv@16.0.3
276 silly decomposeActions test dotenv@16.0.3
277 silly decomposeActions preinstall dotenv@16.0.3
278 silly decomposeActions build dotenv@16.0.3
279 silly decomposeActions install dotenv@16.0.3
280 silly decomposeActions postinstall dotenv@16.0.3
281 silly decomposeActions finalize dotenv@16.0.3
282 silly decomposeActions fetch express-jwt@7.7.7
283 silly decomposeActions extract express-jwt@7.7.7
284 silly decomposeActions test express-jwt@7.7.7
285 silly decomposeActions preinstall express-jwt@7.7.7
286 silly decomposeActions build express-jwt@7.7.7
287 silly decomposeActions install express-jwt@7.7.7
288 silly decomposeActions postinstall express-jwt@7.7.7
289 silly decomposeActions finalize express-jwt@7.7.7
290 silly executeActions Starting
291 silly install executeActions
292 silly doSerial global-install 0
293 silly doParallel fetch 6
294 verbose lock using /home/celine-bot/.npm/_locks/staging-e8b927611d9cb0ab.lock for /home/celine-bot/Development/unit-7/KokiETech/node_modules/.staging
295 silly doParallel extract 6
296 silly extract @types/node@18.11.7
297 silly extract @types/jsonwebtoken@8.5.9
298 silly extract express-unless@2.1.3
299 silly extract jsonwebtoken@8.5.1
300 silly extract dotenv@16.0.3
301 silly extract express-jwt@7.7.7
302 verbose unbuild node_modules/.staging/@types/node-461c169c
303 verbose unbuild node_modules/.staging/@types/jsonwebtoken-f6c17719
304 verbose unbuild node_modules/.staging/express-unless-438e56b3
305 verbose unbuild node_modules/.staging/dotenv-5b799552
306 verbose unbuild node_modules/.staging/jsonwebtoken-3ce51a67
307 verbose unbuild node_modules/.staging/express-jwt-881b36b8
308 silly gentlyRm /home/celine-bot/Development/unit-7/KokiETech/node_modules/.staging/@types/node-461c169c is being purged from base /home/celine-bot/Development/unit-7/KokiETech
309 verbose gentlyRm don't care about contents; nuking /home/celine-bot/Development/unit-7/KokiETech/node_modules/.staging/@types/node-461c169c
310 silly gentlyRm /home/celine-bot/Development/unit-7/KokiETech/node_modules/.staging/@types/jsonwebtoken-f6c17719 is being purged from base /home/celine-bot/Development/unit-7/KokiETech
311 verbose gentlyRm don't care about contents; nuking /home/celine-bot/Development/unit-7/KokiETech/node_modules/.staging/@types/jsonwebtoken-f6c17719
312 silly gentlyRm /home/celine-bot/Development/unit-7/KokiETech/node_modules/.staging/express-unless-438e56b3 is being purged from base /home/celine-bot/Development/unit-7/KokiETech
313 verbose gentlyRm don't care about contents; nuking /home/celine-bot/Development/unit-7/KokiETech/node_modules/.staging/express-unless-438e56b3
314 silly gentlyRm /home/celine-bot/Development/unit-7/KokiETech/node_modules/.staging/dotenv-5b799552 is being purged from base /home/celine-bot/Development/unit-7/KokiETech
315 verbose gentlyRm don't care about contents; nuking /home/celine-bot/Development/unit-7/KokiETech/node_modules/.staging/dotenv-5b799552
316 silly gentlyRm /home/celine-bot/Development/unit-7/KokiETech/node_modules/.staging/express-jwt-881b36b8 is being purged from base /home/celine-bot/Development/unit-7/KokiETech
317 verbose gentlyRm don't care about contents; nuking /home/celine-bot/Development/unit-7/KokiETech/node_modules/.staging/express-jwt-881b36b8
318 silly gentlyRm /home/celine-bot/Development/unit-7/KokiETech/node_modules/.staging/jsonwebtoken-3ce51a67 is being purged from base /home/celine-bot/Development/unit-7/KokiETech
319 verbose gentlyRm don't care about contents; nuking /home/celine-bot/Development/unit-7/KokiETech/node_modules/.staging/jsonwebtoken-3ce51a67
320 verbose tar unpack /home/celine-bot/.npm/@types/node/18.11.7/package.tgz
321 verbose tar unpacking to /home/celine-bot/Development/unit-7/KokiETech/node_modules/.staging/@types/node-461c169c
322 silly gentlyRm /home/celine-bot/Development/unit-7/KokiETech/node_modules/.staging/@types/node-461c169c is being purged
323 verbose gentlyRm don't care about contents; nuking /home/celine-bot/Development/unit-7/KokiETech/node_modules/.staging/@types/node-461c169c
324 verbose tar unpack /home/celine-bot/.npm/@types/jsonwebtoken/8.5.9/package.tgz
325 verbose tar unpacking to /home/celine-bot/Development/unit-7/KokiETech/node_modules/.staging/@types/jsonwebtoken-f6c17719
326 silly gentlyRm /home/celine-bot/Development/unit-7/KokiETech/node_modules/.staging/@types/jsonwebtoken-f6c17719 is being purged
327 verbose gentlyRm don't care about contents; nuking /home/celine-bot/Development/unit-7/KokiETech/node_modules/.staging/@types/jsonwebtoken-f6c17719
328 verbose tar unpack /home/celine-bot/.npm/express-unless/2.1.3/package.tgz
329 verbose tar unpacking to /home/celine-bot/Development/unit-7/KokiETech/node_modules/.staging/express-unless-438e56b3
330 silly gentlyRm /home/celine-bot/Development/unit-7/KokiETech/node_modules/.staging/express-unless-438e56b3 is being purged
331 verbose gentlyRm don't care about contents; nuking /home/celine-bot/Development/unit-7/KokiETech/node_modules/.staging/express-unless-438e56b3
332 verbose tar unpack /home/celine-bot/.npm/dotenv/16.0.3/package.tgz
333 verbose tar unpacking to /home/celine-bot/Development/unit-7/KokiETech/node_modules/.staging/dotenv-5b799552
334 silly gentlyRm /home/celine-bot/Development/unit-7/KokiETech/node_modules/.staging/dotenv-5b799552 is being purged
335 verbose gentlyRm don't care about contents; nuking /home/celine-bot/Development/unit-7/KokiETech/node_modules/.staging/dotenv-5b799552
336 verbose tar unpack /home/celine-bot/.npm/express-jwt/7.7.7/package.tgz
337 verbose tar unpacking to /home/celine-bot/Development/unit-7/KokiETech/node_modules/.staging/express-jwt-881b36b8
338 silly gentlyRm /home/celine-bot/Development/unit-7/KokiETech/node_modules/.staging/express-jwt-881b36b8 is being purged
339 verbose gentlyRm don't care about contents; nuking /home/celine-bot/Development/unit-7/KokiETech/node_modules/.staging/express-jwt-881b36b8
340 verbose tar unpack /home/celine-bot/.npm/jsonwebtoken/8.5.1/package.tgz
341 verbose tar unpacking to /home/celine-bot/Development/unit-7/KokiETech/node_modules/.staging/jsonwebtoken-3ce51a67
342 silly gentlyRm /home/celine-bot/Development/unit-7/KokiETech/node_modules/.staging/jsonwebtoken-3ce51a67 is being purged
343 verbose gentlyRm don't care about contents; nuking /home/celine-bot/Development/unit-7/KokiETech/node_modules/.staging/jsonwebtoken-3ce51a67
344 silly gunzTarPerm modes [ '755', '644' ]
345 silly gunzTarPerm modes [ '755', '644' ]
346 silly gunzTarPerm modes [ '755', '644' ]
347 silly gunzTarPerm modes [ '755', '644' ]
348 silly gunzTarPerm modes [ '755', '644' ]
349 silly gunzTarPerm modes [ '755', '644' ]
350 silly gunzTarPerm extractEntry
351 silly gunzTarPerm modified mode [ '', 511, 493 ]
352 silly gunzTarPerm extractEntry LICENSE
353 silly gunzTarPerm extractEntry LICENSE
354 silly gunzTarPerm extractEntry package.json
355 silly gunzTarPerm extractEntry LICENSE
356 silly gunzTarPerm extractEntry
357 silly gunzTarPerm modified mode [ '', 511, 493 ]
358 silly gunzTarPerm extractEntry dist/index.js
359 silly gunzTarPerm extractEntry dist/errors/UnauthorizedError.js
360 silly gunzTarPerm extractEntry lib/cli-options.js
361 silly gunzTarPerm extractEntry config.js
362 silly gunzTarPerm extractEntry CHANGELOG.md
363 silly gunzTarPerm extractEntry decode.js
364 silly gunzTarPerm extractEntry index.js
365 silly gunzTarPerm extractEntry LICENSE
366 silly gunzTarPerm extractEntry README.md
367 silly gunzTarPerm extractEntry sign.js
368 silly gunzTarPerm extractEntry verify.js
369 silly gunzTarPerm extractEntry lib/JsonWebTokenError.js
370 silly gunzTarPerm extractEntry lib/NotBeforeError.js
371 silly gunzTarPerm extractEntry lib/psSupported.js
372 silly gunzTarPerm extractEntry lib/timespan.js
373 silly gunzTarPerm extractEntry lib/TokenExpiredError.js
374 silly gunzTarPerm extractEntry
375 silly gunzTarPerm modified mode [ '', 511, 493 ]
376 silly gunzTarPerm extractEntry
377 silly gunzTarPerm modified mode [ '', 511, 493 ]
378 silly gunzTarPerm extractEntry
379 silly gunzTarPerm modified mode [ '', 511, 493 ]
380 silly gunzTarPerm extractEntry dist/index.js
381 silly gunzTarPerm extractEntry package.json
382 silly gunzTarPerm extractEntry
383 silly gunzTarPerm modified mode [ '', 511, 493 ]
384 silly gunzTarPerm extractEntry
385 silly gunzTarPerm modified mode [ '', 511, 493 ]
386 silly gunzTarPerm extractEntry
387 silly gunzTarPerm modified mode [ '', 511, 493 ]
388 silly gunzTarPerm extractEntry lib/env-options.js
389 silly gunzTarPerm extractEntry lib/main.js
390 silly gunzTarPerm extractEntry README.md
391 silly gunzTarPerm extractEntry dist/index.d.ts
392 silly gunzTarPerm extractEntry package.json
393 silly gunzTarPerm extractEntry README.md
394 silly gunzTarPerm extractEntry
395 silly gunzTarPerm modified mode [ '', 511, 493 ]
396 silly gunzTarPerm extractEntry
397 silly gunzTarPerm modified mode [ '', 511, 493 ]
398 silly gunzTarPerm extractEntry
399 silly gunzTarPerm modified mode [ '', 511, 493 ]
400 silly gunzTarPerm extractEntry package.json
401 silly gunzTarPerm extractEntry CHANGELOG.md
402 silly gunzTarPerm extractEntry dist/index.d.ts
403 silly gunzTarPerm extractEntry
404 silly gunzTarPerm modified mode [ '', 511, 493 ]
405 silly gunzTarPerm extractEntry
406 silly gunzTarPerm modified mode [ '', 511, 493 ]
407 silly gunzTarPerm extractEntry README.md
408 silly gunzTarPerm extractEntry dist/errors/UnauthorizedError.d.ts
409 silly gunzTarPerm extractEntry
410 silly gunzTarPerm modified mode [ '', 511, 493 ]
411 silly gunzTarPerm extractEntry
412 silly gunzTarPerm modified mode [ '', 511, 493 ]
413 silly gunzTarPerm extractEntry
414 silly gunzTarPerm modified mode [ '', 511, 493 ]
415 silly gunzTarPerm extractEntry config.d.ts
416 silly gunzTarPerm extractEntry lib/main.d.ts
417 silly gunzTarPerm extractEntry
418 silly gunzTarPerm modified mode [ '', 511, 493 ]
419 silly gunzTarPerm extractEntry
420 silly gunzTarPerm modified mode [ '', 511, 493 ]
421 silly gunzTarPerm extractEntry
422 silly gunzTarPerm modified mode [ '', 511, 493 ]
423 silly gunzTarPerm extractEntry
424 silly gunzTarPerm modified mode [ '', 511, 493 ]
425 silly gentlyRm /home/celine-bot/Development/unit-7/KokiETech/node_modules/.staging/express-unless-438e56b3/node_modules is being purged
426 verbose gentlyRm don't care about contents; nuking /home/celine-bot/Development/unit-7/KokiETech/node_modules/.staging/express-unless-438e56b3/node_modules
427 silly gunzTarPerm extractEntry
428 silly gunzTarPerm modified mode [ '', 511, 493 ]
429 silly gunzTarPerm extractEntry
430 silly gunzTarPerm modified mode [ '', 511, 493 ]
431 silly gunzTarPerm extractEntry
432 silly gunzTarPerm modified mode [ '', 511, 493 ]
433 silly gunzTarPerm extractEntry
434 silly gunzTarPerm modified mode [ '', 511, 493 ]
435 silly gunzTarPerm extractEntry
436 silly gunzTarPerm modified mode [ '', 511, 493 ]
437 silly gentlyRm /home/celine-bot/Development/unit-7/KokiETech/node_modules/.staging/express-jwt-881b36b8/node_modules is being purged
438 verbose gentlyRm don't care about contents; nuking /home/celine-bot/Development/unit-7/KokiETech/node_modules/.staging/express-jwt-881b36b8/node_modules
439 silly gunzTarPerm extractEntry
440 silly gunzTarPerm modified mode [ '', 511, 493 ]
441 silly gunzTarPerm extractEntry
442 silly gunzTarPerm modified mode [ '', 511, 493 ]
443 silly gunzTarPerm extractEntry
444 silly gunzTarPerm modified mode [ '', 511, 493 ]
445 silly gunzTarPerm extractEntry
446 silly gunzTarPerm modified mode [ '', 511, 493 ]
447 silly gunzTarPerm extractEntry
448 silly gunzTarPerm modified mode [ '', 511, 493 ]
449 silly gunzTarPerm extractEntry
450 silly gunzTarPerm modified mode [ '', 511, 493 ]
451 silly gunzTarPerm extractEntry
452 silly gunzTarPerm modified mode [ '', 511, 493 ]
453 silly gunzTarPerm extractEntry
454 silly gunzTarPerm modified mode [ '', 511, 493 ]
455 silly gunzTarPerm extractEntry
456 silly gunzTarPerm modified mode [ '', 511, 493 ]
457 silly gunzTarPerm extractEntry
458 silly gunzTarPerm modified mode [ '', 511, 493 ]
459 silly gunzTarPerm extractEntry
460 silly gunzTarPerm modified mode [ '', 511, 493 ]
461 silly gunzTarPerm extractEntry
462 silly gunzTarPerm modified mode [ '', 511, 493 ]
463 silly gunzTarPerm extractEntry
464 silly gunzTarPerm modified mode [ '', 511, 493 ]
465 silly gunzTarPerm extractEntry
466 silly gunzTarPerm modified mode [ '', 511, 493 ]
467 silly gunzTarPerm extractEntry
468 silly gunzTarPerm modified mode [ '', 511, 493 ]
469 silly gentlyRm /home/celine-bot/Development/unit-7/KokiETech/node_modules/.staging/dotenv-5b799552/node_modules is being purged
470 verbose gentlyRm don't care about contents; nuking /home/celine-bot/Development/unit-7/KokiETech/node_modules/.staging/dotenv-5b799552/node_modules
471 silly gentlyRm /home/celine-bot/Development/unit-7/KokiETech/node_modules/.staging/jsonwebtoken-3ce51a67/node_modules is being purged
472 verbose gentlyRm don't care about contents; nuking /home/celine-bot/Development/unit-7/KokiETech/node_modules/.staging/jsonwebtoken-3ce51a67/node_modules
473 silly gunzTarPerm extractEntry
474 silly gunzTarPerm modified mode [ '', 511, 493 ]
475 silly gunzTarPerm extractEntry
476 silly gunzTarPerm modified mode [ '', 511, 493 ]
477 silly gunzTarPerm extractEntry
478 silly gunzTarPerm modified mode [ '', 511, 493 ]
479 silly gunzTarPerm extractEntry
480 silly gunzTarPerm modified mode [ '', 511, 493 ]
481 silly gunzTarPerm extractEntry
482 silly gunzTarPerm modified mode [ '', 511, 493 ]
483 silly gunzTarPerm extractEntry
484 silly gunzTarPerm modified mode [ '', 511, 493 ]
485 silly gunzTarPerm extractEntry
486 silly gunzTarPerm modified mode [ '', 511, 493 ]
487 silly gunzTarPerm extractEntry
488 silly gunzTarPerm modified mode [ '', 511, 493 ]
489 silly gunzTarPerm extractEntry
490 silly gunzTarPerm modified mode [ '', 511, 493 ]
491 silly gunzTarPerm extractEntry
492 silly gunzTarPerm modified mode [ '', 511, 493 ]
493 silly gunzTarPerm extractEntry
494 silly gunzTarPerm modified mode [ '', 511, 493 ]
495 silly gunzTarPerm extractEntry
496 silly gunzTarPerm modified mode [ '', 511, 493 ]
497 silly gunzTarPerm extractEntry
498 silly gunzTarPerm modified mode [ '', 511, 493 ]
499 silly gunzTarPerm extractEntry
500 silly gunzTarPerm modified mode [ '', 511, 493 ]
501 silly gunzTarPerm extractEntry
502 silly gunzTarPerm modified mode [ '', 511, 493 ]
503 silly gunzTarPerm extractEntry
504 silly gunzTarPerm modified mode [ '', 511, 493 ]
505 silly gunzTarPerm extractEntry
506 silly gunzTarPerm modified mode [ '', 511, 493 ]
507 silly gunzTarPerm extractEntry
508 silly gunzTarPerm modified mode [ '', 511, 493 ]
509 silly gunzTarPerm extractEntry
510 silly gunzTarPerm modified mode [ '', 511, 493 ]
511 silly gunzTarPerm extractEntry
512 silly gunzTarPerm modified mode [ '', 511, 493 ]
513 silly gunzTarPerm extractEntry
514 silly gunzTarPerm modified mode [ '', 511, 493 ]
515 silly gunzTarPerm extractEntry
516 silly gunzTarPerm modified mode [ '', 511, 493 ]
517 silly gunzTarPerm extractEntry
518 silly gunzTarPerm modified mode [ '', 511, 493 ]
519 silly gunzTarPerm extractEntry
520 silly gunzTarPerm modified mode [ '', 511, 493 ]
521 silly gunzTarPerm extractEntry
522 silly gunzTarPerm modified mode [ '', 511, 493 ]
523 silly gunzTarPerm extractEntry
524 silly gunzTarPerm modified mode [ '', 511, 493 ]
525 silly gunzTarPerm extractEntry
526 silly gunzTarPerm modified mode [ '', 511, 493 ]
527 silly gunzTarPerm extractEntry
528 silly gunzTarPerm modified mode [ '', 511, 493 ]
529 silly gunzTarPerm extractEntry
530 silly gunzTarPerm modified mode [ '', 511, 493 ]
531 silly gunzTarPerm extractEntry
532 silly gunzTarPerm modified mode [ '', 511, 493 ]
533 silly gunzTarPerm extractEntry
534 silly gunzTarPerm modified mode [ '', 511, 493 ]
535 silly gunzTarPerm extractEntry
536 silly gunzTarPerm modified mode [ '', 511, 493 ]
537 silly gunzTarPerm extractEntry
538 silly gunzTarPerm modified mode [ '', 511, 493 ]
539 silly gunzTarPerm extractEntry
540 silly gunzTarPerm modified mode [ '', 511, 493 ]
541 silly gunzTarPerm extractEntry
542 silly gunzTarPerm modified mode [ '', 511, 493 ]
543 silly gunzTarPerm extractEntry
544 silly gunzTarPerm modified mode [ '', 511, 493 ]
545 silly gunzTarPerm extractEntry
546 silly gunzTarPerm modified mode [ '', 511, 493 ]
547 silly gunzTarPerm extractEntry
548 silly gunzTarPerm modified mode [ '', 511, 493 ]
549 silly gunzTarPerm extractEntry
550 silly gunzTarPerm modified mode [ '', 511, 493 ]
551 silly gunzTarPerm extractEntry
552 silly gunzTarPerm modified mode [ '', 511, 493 ]
553 silly gunzTarPerm extractEntry
554 silly gunzTarPerm modified mode [ '', 511, 493 ]
555 silly gunzTarPerm extractEntry
556 silly gunzTarPerm modified mode [ '', 511, 493 ]
557 silly gunzTarPerm extractEntry
558 silly gunzTarPerm modified mode [ '', 511, 493 ]
559 silly gunzTarPerm extractEntry
560 silly gunzTarPerm modified mode [ '', 511, 493 ]
561 silly gunzTarPerm extractEntry
562 silly gunzTarPerm modified mode [ '', 511, 493 ]
563 silly gunzTarPerm extractEntry
564 silly gunzTarPerm modified mode [ '', 511, 493 ]
565 silly gunzTarPerm extractEntry
566 silly gunzTarPerm modified mode [ '', 511, 493 ]
567 silly gunzTarPerm extractEntry
568 silly gunzTarPerm modified mode [ '', 511, 493 ]
569 silly gunzTarPerm extractEntry
570 silly gunzTarPerm modified mode [ '', 511, 493 ]
571 silly gunzTarPerm extractEntry
572 silly gunzTarPerm modified mode [ '', 511, 493 ]
573 silly gunzTarPerm extractEntry
574 silly gunzTarPerm modified mode [ '', 511, 493 ]
575 silly gunzTarPerm extractEntry
576 silly gunzTarPerm modified mode [ '', 511, 493 ]
577 silly gunzTarPerm extractEntry
578 silly gunzTarPerm modified mode [ '', 511, 493 ]
579 silly gunzTarPerm extractEntry
580 silly gunzTarPerm modified mode [ '', 511, 493 ]
581 silly gunzTarPerm extractEntry
582 silly gunzTarPerm modified mode [ '', 511, 493 ]
583 silly gunzTarPerm extractEntry
584 silly gunzTarPerm modified mode [ '', 511, 493 ]
585 silly gunzTarPerm extractEntry
586 silly gunzTarPerm modified mode [ '', 511, 493 ]
587 silly gunzTarPerm extractEntry
588 silly gunzTarPerm modified mode [ '', 511, 493 ]
589 silly gunzTarPerm extractEntry
590 silly gunzTarPerm modified mode [ '', 511, 493 ]
591 silly gunzTarPerm extractEntry
592 silly gunzTarPerm modified mode [ '', 511, 493 ]
593 silly gunzTarPerm extractEntry
594 silly gunzTarPerm modified mode [ '', 511, 493 ]
595 silly gunzTarPerm extractEntry
596 silly gunzTarPerm modified mode [ '', 511, 493 ]
597 silly gunzTarPerm extractEntry
598 silly gunzTarPerm modified mode [ '', 511, 493 ]
599 silly gunzTarPerm extractEntry
600 silly gunzTarPerm modified mode [ '', 511, 493 ]
601 silly gunzTarPerm extractEntry
602 silly gunzTarPerm modified mode [ '', 511, 493 ]
603 silly gunzTarPerm extractEntry
604 silly gunzTarPerm modified mode [ '', 511, 493 ]
605 silly gunzTarPerm extractEntry
606 silly gunzTarPerm modified mode [ '', 511, 493 ]
607 silly gunzTarPerm extractEntry
608 silly gunzTarPerm modified mode [ '', 511, 493 ]
609 silly gunzTarPerm extractEntry
610 silly gunzTarPerm modified mode [ '', 511, 493 ]
611 silly gunzTarPerm extractEntry
612 silly gunzTarPerm modified mode [ '', 511, 493 ]
613 silly gunzTarPerm extractEntry
614 silly gunzTarPerm modified mode [ '', 511, 493 ]
615 silly gunzTarPerm extractEntry
616 silly gunzTarPerm modified mode [ '', 511, 493 ]
617 silly gunzTarPerm extractEntry
618 silly gunzTarPerm modified mode [ '', 511, 493 ]
619 silly gunzTarPerm extractEntry
620 silly gunzTarPerm modified mode [ '', 511, 493 ]
621 silly gunzTarPerm extractEntry
622 silly gunzTarPerm modified mode [ '', 511, 493 ]
623 silly gunzTarPerm extractEntry
624 silly gunzTarPerm modified mode [ '', 511, 493 ]
625 silly gunzTarPerm extractEntry
626 silly gunzTarPerm modified mode [ '', 511, 493 ]
627 silly gunzTarPerm extractEntry
628 silly gunzTarPerm modified mode [ '', 511, 493 ]
629 silly gunzTarPerm extractEntry
630 silly gunzTarPerm modified mode [ '', 511, 493 ]
631 silly gunzTarPerm extractEntry
632 silly gunzTarPerm modified mode [ '', 511, 493 ]
633 silly gunzTarPerm extractEntry
634 silly gunzTarPerm modified mode [ '', 511, 493 ]
635 silly gunzTarPerm extractEntry
636 silly gunzTarPerm modified mode [ '', 511, 493 ]
637 silly gunzTarPerm extractEntry
638 silly gunzTarPerm modified mode [ '', 511, 493 ]
639 silly gunzTarPerm extractEntry
640 silly gunzTarPerm modified mode [ '', 511, 493 ]
641 silly gunzTarPerm extractEntry
642 silly gunzTarPerm modified mode [ '', 511, 493 ]
643 silly gunzTarPerm extractEntry
644 silly gunzTarPerm modified mode [ '', 511, 493 ]
645 silly gunzTarPerm extractEntry
646 silly gunzTarPerm modified mode [ '', 511, 493 ]
647 silly gunzTarPerm extractEntry
648 silly gunzTarPerm modified mode [ '', 511, 493 ]
649 silly gunzTarPerm extractEntry
650 silly gunzTarPerm modified mode [ '', 511, 493 ]
651 silly gunzTarPerm extractEntry
652 silly gunzTarPerm modified mode [ '', 511, 493 ]
653 warn install:@types/node@18.11.7 ENOTDIR: not a directory, open '/home/celine-bot/Development/unit-7/KokiETech/node_modules/.staging/@types/node-461c169c/package.json'
654 verbose install:@types/node@18.11.7 Error: ENOTDIR: not a directory, open '/home/celine-bot/Development/unit-7/KokiETech/node_modules/.staging/@types/node-461c169c/package.json'
655 verbose unlock done using /home/celine-bot/.npm/_locks/staging-e8b927611d9cb0ab.lock for /home/celine-bot/Development/unit-7/KokiETech/node_modules/.staging
656 silly rollbackFailedOptional Starting
657 silly rollbackFailedOptional Finishing
658 silly runTopLevelLifecycles Starting
659 silly runTopLevelLifecycles Finishing
660 silly install printInstalled
661 warn pg@8.8.0 requires a peer of pg-native@>=3.0.1 but none was installed.
662 warn KokiETech No repository field.
663 warn KokiETech No license field.
664 verbose stack Error: ENOTDIR: not a directory, open '/home/celine-bot/Development/unit-7/KokiETech/node_modules/.staging/@types/jsonwebtoken-f6c17719/package.json'
665 verbose cwd /home/celine-bot/Development/unit-7/KokiETech/controller
666 error Linux 5.10.16.3-microsoft-standard-WSL2
667 error argv "/usr/bin/node" "/usr/bin/npm" "i" "express-jwt"
668 error node v8.10.0
669 error npm  v3.5.2
670 error path /home/celine-bot/Development/unit-7/KokiETech/node_modules/.staging/@types/jsonwebtoken-f6c17719/package.json
671 error code ENOTDIR
672 error errno -20
673 error syscall open
674 error ENOTDIR: not a directory, open '/home/celine-bot/Development/unit-7/KokiETech/node_modules/.staging/@types/jsonwebtoken-f6c17719/package.json'
675 error If you need help, you may report this error at:
675 error     <https://github.com/npm/npm/issues>
676 verbose exit [ -20, true ]
